#
# A fatal error has been detected by the Java Runtime Environment:
#
#  SIGSEGV (0xb) at pc=0x00000001085006f8, pid=9973, tid=12803
#
# JRE version: 7.0_25-b15
# Java VM: Java HotSpot(TM) 64-Bit Server VM (23.25-b01 mixed mode bsd-amd64 compressed oops)
# Problematic frame:
# V  [libjvm.dylib+0x17d6f8]
#
# Failed to write core dump. Core dumps have been disabled. To enable core dumping, try "ulimit -c unlimited" before starting Java again
#
# If you would like to submit a bug report, please visit:
#   http://bugreport.sun.com/bugreport/crash.jsp
#

---------------  T H R E A D  ---------------

Current thread (0x00007fb9c480f000):  GCTaskThread [stack: 0x000000010c6e1000,0x000000010c7e1000] [id=12803]

siginfo:si_signo=SIGSEGV: si_errno=0, si_code=1 (SEGV_MAPERR), si_addr=0x00000000ed1fc540

Registers:
RAX=0x00000000ed1fc538, RBX=0x00000000ed1fc538, RCX=0x00000000010ad503, RDX=0x00000000ed1fc528
RSP=0x000000010c7e0c70, RBP=0x000000010c7e0c70, RSI=0x00000000ed1fc538, RDI=0x00000000ed1fc538
R8 =0x0000000000047f03, R9 =0x00000000000001dd, R10=0x1020508a11244244, R11=0x0004000000000000
R12=0x00000007e7f03d9c, R13=0x00000007e7f03da8, R14=0x00000007e2b54248, R15=0x00000007a274f818
RIP=0x00000001085006f8, EFLAGS=0x0000000000010202, ERR=0x0000000000000004
  TRAPNO=0x000000000000000e

Top of Stack: (sp=0x000000010c7e0c70)
0x000000010c7e0c70:   000000010c7e0ca0 0000000108500e07
0x000000010c7e0c80:   000000010c7e0ca0 00000001082302b0
0x000000010c7e0c90:   00000007e2b54248 00000007a274f818
0x000000010c7e0ca0:   000000010c7e0cd0 000000010850eaa8
0x000000010c7e0cb0:   000000010c7e0d20 00000001082302b0
0x000000010c7e0cc0:   00000007a274f818 00000007a274f818
0x000000010c7e0cd0:   000000010c7e0d20 00000001085d5fbd
0x000000010c7e0ce0:   00000001082302b0 00000007e7f03d90
0x000000010c7e0cf0:   00000007a274f820 00000001082302b0
0x000000010c7e0d00:   00000007e7f03d90 0000000000002000
0x000000010c7e0d10:   00000001082302b8 0000000108a36640
0x000000010c7e0d20:   000000010c7e0da0 00000001087682b7
0x000000010c7e0d30:   00000001082302d0 0000000108230330
0x000000010c7e0d40:   0000000108230318 00000007e7d3f868
0x000000010c7e0d50:   0000000100002000 00000001082302b0
0x000000010c7e0d60:   00000007a00add08 00000001082302b0
0x000000010c7e0d70:   000010f90000000e 00000001082302b0
0x000000010c7e0d80:   0000000000000000 000000010887a103
0x000000010c7e0d90:   00007fb9c3d0bbe0 0000000000000001
0x000000010c7e0da0:   000000010c7e0e20 000000010875cdbe
0x000000010c7e0db0:   000000010c7e0df0 00007fff8c8016ab
0x000000010c7e0dc0:   00007fb9c3d09e28 0000000000000001
0x000000010c7e0dd0:   000020600c7e0df0 0003ff000003ff00
0x000000010c7e0de0:   00007fb9c3d0bbe0 00007fb9c3d08d80
0x000000010c7e0df0:   000000010c7e0e20 0000000108aa65d0
0x000000010c7e0e00:   0000000000000000 0000000000000000
0x000000010c7e0e10:   00000001082302b0 00007fb9c480f000
0x000000010c7e0e20:   000000010c7e0ee0 00000001085a8096
0x000000010c7e0e30:   00007fb9c3d0a260 00007fb9c3d0a280
0x000000010c7e0e40:   00007fb9c3d0a290 00007fb9c3d0a668
0x000000010c7e0e50:   00007fb9c480f000 00007fb9c3d0a670
0x000000010c7e0e60:   00007fb9c3d0a6a0 00007fb9c3d0a6b0 

Instructions: (pc=0x00000001085006f8)
0x00000001085006d8:   00 5d c3 90 55 48 89 e5 48 8b 47 18 48 89 47 20
0x00000001085006e8:   5d c3 55 48 89 e5 48 8d 47 10 5d c3 55 48 89 e5
0x00000001085006f8:   8b 47 08 5d c3 0f 1f 00 55 48 89 e5 89 f8 83 e0
0x0000000108500708:   01 5d c3 0f 1f 44 00 00 55 48 89 e5 c1 ef 10 40 

Register to memory mapping:

RAX=0x00000000ed1fc538 is an unknown value
RBX=0x00000000ed1fc538 is an unknown value
RCX=0x00000000010ad503 is an unknown value
RDX=0x00000000ed1fc528 is an unknown value
RSP=0x000000010c7e0c70 is an unknown value
RBP=0x000000010c7e0c70 is an unknown value
RSI=0x00000000ed1fc538 is an unknown value
RDI=0x00000000ed1fc538 is an unknown value
R8 =0x0000000000047f03 is an unknown value
R9 =0x00000000000001dd is an unknown value
R10=0x1020508a11244244 is an unknown value
R11=0x0004000000000000 is an unknown value
R12=0x00000007e7f03d9c is an oop
groovy.lang.MetaClassImpl$GetBeanMethodMetaProperty 
 - klass: 'groovy/lang/MetaClassImpl$GetBeanMethodMetaProperty'
R13=0x00000007e7f03da8 is an oop
org.codehaus.groovy.runtime.callsite.GetEffectivePogoPropertySite 
 - klass: 'org/codehaus/groovy/runtime/callsite/GetEffectivePogoPropertySite'
R14=0x00000007e2b54248 is an oop
java.lang.Long 
 - klass: 'java/lang/Long'
R15=0x00000007a274f818 is an oop
{instance class} 
 - klass: {other class}


Stack: [0x000000010c6e1000,0x000000010c7e1000],  sp=0x000000010c7e0c70,  free space=1023k
Native frames: (J=compiled Java code, j=interpreted, Vv=VM code, C=native code)
V  [libjvm.dylib+0x17d6f8]
V  [libjvm.dylib+0x17de07]
V  [libjvm.dylib+0x18baa8]
V  [libjvm.dylib+0x252fbd]
V  [libjvm.dylib+0x3e52b7]
V  [libjvm.dylib+0x3d9dbe]
V  [libjvm.dylib+0x225096]
V  [libjvm.dylib+0x3b95f9]
C  [libsystem_c.dylib+0x4e8bf]  _pthread_start+0x14f
C  [libsystem_c.dylib+0x51b75]  thread_start+0xd


---------------  P R O C E S S  ---------------

Java Threads: ( => current thread )
  0x00007fb9d05a9800 JavaThread "Connection reader for connection 832 to cert-edir.dfw1.corp.rackspace.com:636" daemon [_thread_in_native, id=483331, stack(0x0000000115451000,0x0000000115551000)]
  0x00007fb9cf997000 JavaThread "Connection reader for connection 828 to cert-edir.dfw1.corp.rackspace.com:636" daemon [_thread_in_native, id=481795, stack(0x0000000114f57000,0x0000000115057000)]
  0x00007fb9cf9b2800 JavaThread "Connection reader for connection 806 in pool 'application' to localhost:389" daemon [_thread_in_native, id=468995, stack(0x0000000118adf000,0x0000000118bdf000)]
  0x00007fb9d030d800 JavaThread "Connection reader for connection 804 in pool 'bind' to localhost:389" daemon [_thread_in_native, id=468483, stack(0x0000000113174000,0x0000000113274000)]
  0x00007fb9d05a8000 JavaThread "Connection reader for connection 803 in pool 'bind' to localhost:389" daemon [_thread_in_native, id=467459, stack(0x0000000114bb8000,0x0000000114cb8000)]
  0x00007fb9d030c000 JavaThread "Connection reader for connection 802 in pool 'application' to localhost:389" daemon [_thread_in_native, id=466947, stack(0x0000000112c78000,0x0000000112d78000)]
  0x00007fb9d030c800 JavaThread "Connection reader for connection 801 in pool 'bind' to localhost:389" daemon [_thread_in_native, id=466435, stack(0x0000000114ab5000,0x0000000114bb5000)]
  0x00007fb9cfe4c000 JavaThread "Connection reader for connection 800 in pool 'bind' to localhost:389" daemon [_thread_in_native, id=465923, stack(0x00000001149b2000,0x0000000114ab2000)]
  0x00007fb9d01a6800 JavaThread "Connection reader for connection 799 in pool 'application' to localhost:389" daemon [_thread_in_native, id=465411, stack(0x0000000112b75000,0x0000000112c75000)]
  0x00007fb9cfbd0000 JavaThread "Connection reader for connection 798 in pool 'bind' to localhost:389" daemon [_thread_in_native, id=464643, stack(0x00000001148af000,0x00000001149af000)]
  0x00007fb9d05f9000 JavaThread "Connection reader for connection 796 in pool 'application' to localhost:389" daemon [_thread_in_native, id=463875, stack(0x0000000112a72000,0x0000000112b72000)]
  0x00007fb9cf9b3000 JavaThread "Connection reader for connection 795 in pool 'bind' to localhost:389" daemon [_thread_in_native, id=463363, stack(0x00000001147ac000,0x00000001148ac000)]
  0x00007fb9d0178000 JavaThread "Connection reader for connection 794 in pool 'application' to localhost:389" daemon [_thread_in_native, id=462851, stack(0x000000011286c000,0x000000011296c000)]
  0x00007fb9d01a5000 JavaThread "Connection reader for connection 793 in pool 'bind' to localhost:389" daemon [_thread_in_native, id=462339, stack(0x00000001146a9000,0x00000001147a9000)]
  0x00007fb9cda45800 JavaThread "Connection reader for connection 792 in pool 'application' to localhost:389" daemon [_thread_in_native, id=461827, stack(0x0000000111f67000,0x0000000112067000)]
  0x00007fb9d031b000 JavaThread "Connection reader for connection 791 in pool 'bind' to localhost:389" daemon [_thread_in_native, id=461315, stack(0x00000001145a6000,0x00000001146a6000)]
  0x00007fb9c4c0a800 JavaThread "Connection reader for connection 790 in pool 'application' to localhost:389" daemon [_thread_in_native, id=460803, stack(0x0000000114207000,0x0000000114307000)]
  0x00007fb9d031a000 JavaThread "Connection reader for connection 789 in pool 'bind' to localhost:389" daemon [_thread_in_native, id=460291, stack(0x00000001144a3000,0x00000001145a3000)]
  0x00007fb9cf9b4000 JavaThread "Connection reader for connection 788 in pool 'application' to localhost:389" daemon [_thread_in_native, id=459779, stack(0x0000000114104000,0x0000000114204000)]
  0x00007fb9c4c0a000 JavaThread "Connection reader for connection 787 in pool 'bind' to localhost:389" daemon [_thread_in_native, id=459267, stack(0x00000001192f7000,0x00000001193f7000)]
  0x00007fb9c4be9000 JavaThread "Connection reader for connection 786 in pool 'application' to localhost:389" daemon [_thread_in_native, id=458755, stack(0x0000000113846000,0x0000000113946000)]
  0x00007fb9cfca6800 JavaThread "Connection reader for connection 785 in pool 'application' to localhost:389" daemon [_thread_in_native, id=458243, stack(0x000000011296f000,0x0000000112a6f000)]
  0x00007fb9caa91800 JavaThread "Grizzly" daemon [_thread_blocked, id=90883, stack(0x000000011a01e000,0x000000011a11e000)]
  0x00007fb9d0392000 JavaThread "GC Daemon" daemon [_thread_blocked, id=54027, stack(0x0000000113ab4000,0x0000000113bb4000)]
  0x00007fb9d0074000 JavaThread "AWT-AppKit" daemon [_thread_in_native, id=1799, stack(0x00007fff67522000,0x00007fff67d22000)]
  0x00007fb9c9cb7800 JavaThread "Health Check Thread for LDAPConnectionPool(serverSet=SingleServerSet(server=cert-edir.dfw1.corp.rackspace.com:636), maxConnections=10)" daemon [_thread_blocked, id=31491, stack(0x0000000115657000,0x0000000115757000)]
  0x00007fb9c4b7d800 JavaThread "Health Check Thread for LDAPConnectionPool(serverSet=RoundRobinServerSet(servers={localhost:389}), maxConnections=1000)" daemon [_thread_blocked, id=30211, stack(0x000000011534e000,0x000000011544e000)]
  0x00007fb9cacd6000 JavaThread "Health Check Thread for LDAPConnectionPool(serverSet=RoundRobinServerSet(servers={localhost:389}), maxConnections=1000)" daemon [_thread_blocked, id=24835, stack(0x00000001143a0000,0x00000001144a0000)]
  0x00007fb9c4553000 JavaThread "Test worker" [_thread_blocked, id=19459, stack(0x0000000113743000,0x0000000113843000)]
  0x00007fb9c92b4800 JavaThread "socket connection at /0:0:0:0:0:0:0:1:61696 with /0:0:0:0:0:0:0:1:61695 workers Thread 2" [_thread_in_native, id=18947, stack(0x0000000113510000,0x0000000113610000)]
  0x00007fb9c9260000 JavaThread "socket connection at /0:0:0:0:0:0:0:1:61696 with /0:0:0:0:0:0:0:1:61695 workers" [_thread_blocked, id=18691, stack(0x0000000113071000,0x0000000113171000)]
  0x00007fb9c48f8000 JavaThread "Service Thread" daemon [_thread_blocked, id=18179, stack(0x0000000111899000,0x0000000111999000)]
  0x00007fb9c48f7000 JavaThread "C2 CompilerThread1" daemon [_thread_blocked, id=17923, stack(0x0000000111796000,0x0000000111896000)]
  0x00007fb9c48d0800 JavaThread "C2 CompilerThread0" daemon [_thread_blocked, id=17667, stack(0x0000000111693000,0x0000000111793000)]
  0x00007fb9c48ba000 JavaThread "Signal Dispatcher" daemon [_thread_blocked, id=17411, stack(0x00000001114f6000,0x00000001115f6000)]
  0x00007fb9c484f800 JavaThread "Finalizer" daemon [_thread_blocked, id=13571, stack(0x00000001111a5000,0x00000001112a5000)]
  0x00007fb9c4849800 JavaThread "Reference Handler" daemon [_thread_blocked, id=13315, stack(0x00000001110a2000,0x00000001111a2000)]
  0x00007fb9c4800800 JavaThread "main" [_thread_blocked, id=6147, stack(0x0000000108e2d000,0x0000000108f2d000)]

Other Threads:
  0x00007fb9c4037000 VMThread [stack: 0x0000000110f9f000,0x000000011109f000] [id=13059]
  0x00007fb9c48d1000 WatcherThread [stack: 0x000000011199c000,0x0000000111a9c000] [id=18435]

=>0x00007fb9c480f000 (exited) GCTaskThread [stack: 0x000000010c6e1000,0x000000010c7e1000] [id=12803]

VM state:at safepoint (normal execution)

VM Mutex/Monitor currently owned by a thread:  ([mutex/lock_event])
[0x000000010821c490] Threads_lock - owner thread: 0x00007fb9c4037000
[0x000000010821c990] Heap_lock - owner thread: 0x00007fb9c9260000

Heap
 PSYoungGen      total 134272K, used 8720K [0x00000007f5560000, 0x0000000800000000, 0x0000000800000000)
  eden space 92672K, 0% used [0x00000007f5560000,0x00000007f5560000,0x00000007fafe0000)
  from space 41600K, 20% used [0x00000007fd760000,0x00000007fdfe4030,0x0000000800000000)
  to   space 40448K, 0% used [0x00000007fafe0000,0x00000007fafe0000,0x00000007fd760000)
 ParOldGen       total 156992K, used 142049K [0x00000007e0000000, 0x00000007e9950000, 0x00000007f5560000)
  object space 156992K, 90% used [0x00000007e0000000,0x00000007e8ab8658,0x00000007e9950000)
 PSPermGen       total 153472K, used 119205K [0x00000007a0000000, 0x00000007a95e0000, 0x00000007e0000000)
  object space 153472K, 77% used [0x00000007a0000000,0x00000007a7469510,0x00000007a95e0000)

Card table byte_map: [0x000000010c031000,0x000000010c332000] byte_map_base: 0x0000000108331000

Polling page: 0x00000001081d9000

Code Cache  [0x0000000108f71000, 0x0000000109c31000, 0x000000010bf71000)
 total_blobs=3545 nmethods=2863 adapters=632 free_code_cache=36925Kb largest_free_block=37016256

Compilation events (10 events):
Event: 182.882 Thread 0x00007fb9c48d0800 nmethod 3196 0x00000001090f2450 code [0x00000001090f2580, 0x00000001090f25d8]
Event: 182.884 Thread 0x00007fb9c48d0800 3197             java.nio.charset.CharsetEncoder::onUnmappableCharacter (26 bytes)
Event: 182.884 Thread 0x00007fb9c48d0800 nmethod 3197 0x00000001094fb5d0 code [0x00000001094fb700, 0x00000001094fb798]
Event: 182.886 Thread 0x00007fb9c48d0800 3198             java.nio.charset.CharsetEncoder::implOnUnmappableCharacter (1 bytes)
Event: 182.886 Thread 0x00007fb9c48d0800 nmethod 3198 0x00000001091fba90 code [0x00000001091fbbc0, 0x00000001091fbc18]
Event: 182.922 Thread 0x00007fb9c48d0800 3199             com.sun.xml.bind.v2.runtime.property.SingleElementNodeProperty::<init> (278 bytes)
Event: 183.317 Thread 0x00007fb9c48f7000 3200             org.mockito.asm.MethodWriter::visitLookupSwitchInsn (143 bytes)
Event: 183.330 Thread 0x00007fb9c48f7000 nmethod 3200 0x00000001095c0510 code [0x00000001095c0720, 0x00000001095c11b0]
Event: 183.456 Thread 0x00007fb9c48f7000 3201             com.sun.proxy.$Proxy3::$jacocoInit (52 bytes)
Event: 183.457 Thread 0x00007fb9c48f7000 nmethod 3201 0x00000001094fb390 code [0x00000001094fb4c0, 0x00000001094fb538]

GC Heap History (10 events):
Event: 172.552 GC heap after
Heap after GC invocations=119 (full 3):
 PSYoungGen      total 129664K, used 22376K [0x00000007f5560000, 0x0000000800000000, 0x0000000800000000)
  eden space 107264K, 0% used [0x00000007f5560000,0x00000007f5560000,0x00000007fbe20000)
  from space 22400K, 99% used [0x00000007fea20000,0x00000007ffffa140,0x0000000800000000)
  to   space 33728K, 0% used [0x00000007fbe20000,0x00000007fbe20000,0x00000007fdf10000)
 ParOldGen       total 156992K, used 121561K [0x00000007e0000000, 0x00000007e9950000, 0x00000007f5560000)
  object space 156992K, 77% used [0x00000007e0000000,0x00000007e76b65d8,0x00000007e9950000)
 PSPermGen       total 153472K, used 111698K [0x00000007a0000000, 0x00000007a95e0000, 0x00000007e0000000)
  object space 153472K, 72% used [0x00000007a0000000,0x00000007a6d14bb0,0x00000007a95e0000)
}
Event: 176.784 GC heap before
{Heap before GC invocations=120 (full 3):
 PSYoungGen      total 129664K, used 129640K [0x00000007f5560000, 0x0000000800000000, 0x0000000800000000)
  eden space 107264K, 100% used [0x00000007f5560000,0x00000007fbe20000,0x00000007fbe20000)
  from space 22400K, 99% used [0x00000007fea20000,0x00000007ffffa140,0x0000000800000000)
  to   space 33728K, 0% used [0x00000007fbe20000,0x00000007fbe20000,0x00000007fdf10000)
 ParOldGen       total 156992K, used 121561K [0x00000007e0000000, 0x00000007e9950000, 0x00000007f5560000)
  object space 156992K, 77% used [0x00000007e0000000,0x00000007e76b65d8,0x00000007e9950000)
 PSPermGen       total 153472K, used 113299K [0x00000007a0000000, 0x00000007a95e0000, 0x00000007e0000000)
  object space 153472K, 73% used [0x00000007a0000000,0x00000007a6ea4e28,0x00000007a95e0000)
Event: 177.063 GC heap after
Heap after GC invocations=120 (full 3):
 PSYoungGen      total 139200K, used 31879K [0x00000007f5560000, 0x0000000800000000, 0x0000000800000000)
  eden space 107264K, 0% used [0x00000007f5560000,0x00000007f5560000,0x00000007fbe20000)
  from space 31936K, 99% used [0x00000007fbe20000,0x00000007fdd41d10,0x00000007fdd50000)
  to   space 35520K, 0% used [0x00000007fdd50000,0x00000007fdd50000,0x0000000800000000)
 ParOldGen       total 156992K, used 122043K [0x00000007e0000000, 0x00000007e9950000, 0x00000007f5560000)
  object space 156992K, 77% used [0x00000007e0000000,0x00000007e772eef8,0x00000007e9950000)
 PSPermGen       total 153472K, used 113299K [0x00000007a0000000, 0x00000007a95e0000, 0x00000007e0000000)
  object space 153472K, 73% used [0x00000007a0000000,0x00000007a6ea4e28,0x00000007a95e0000)
}
Event: 180.150 GC heap before
{Heap before GC invocations=121 (full 3):
 PSYoungGen      total 139200K, used 139143K [0x00000007f5560000, 0x0000000800000000, 0x0000000800000000)
  eden space 107264K, 100% used [0x00000007f5560000,0x00000007fbe20000,0x00000007fbe20000)
  from space 31936K, 99% used [0x00000007fbe20000,0x00000007fdd41d10,0x00000007fdd50000)
  to   space 35520K, 0% used [0x00000007fdd50000,0x00000007fdd50000,0x0000000800000000)
 ParOldGen       total 156992K, used 122043K [0x00000007e0000000, 0x00000007e9950000, 0x00000007f5560000)
  object space 156992K, 77% used [0x00000007e0000000,0x00000007e772eef8,0x00000007e9950000)
 PSPermGen       total 153472K, used 115427K [0x00000007a0000000, 0x00000007a95e0000, 0x00000007e0000000)
  object space 153472K, 75% used [0x00000007a0000000,0x00000007a70b8c88,0x00000007a95e0000)
Event: 180.290 GC heap after
Heap after GC invocations=121 (full 3):
 PSYoungGen      total 127168K, used 28855K [0x00000007f5560000, 0x0000000800000000, 0x0000000800000000)
  eden space 91648K, 0% used [0x00000007f5560000,0x00000007f5560000,0x00000007faee0000)
  from space 35520K, 81% used [0x00000007fdd50000,0x00000007ff97dd20,0x0000000800000000)
  to   space 41536K, 0% used [0x00000007faee0000,0x00000007faee0000,0x00000007fd770000)
 ParOldGen       total 156992K, used 122355K [0x00000007e0000000, 0x00000007e9950000, 0x00000007f5560000)
  object space 156992K, 77% used [0x00000007e0000000,0x00000007e777cef8,0x00000007e9950000)
 PSPermGen       total 153472K, used 115427K [0x00000007a0000000, 0x00000007a95e0000, 0x00000007e0000000)
  object space 153472K, 75% used [0x00000007a0000000,0x00000007a70b8c88,0x00000007a95e0000)
}
Event: 182.047 GC heap before
{Heap before GC invocations=122 (full 3):
 PSYoungGen      total 127168K, used 120503K [0x00000007f5560000, 0x0000000800000000, 0x0000000800000000)
  eden space 91648K, 100% used [0x00000007f5560000,0x00000007faee0000,0x00000007faee0000)
  from space 35520K, 81% used [0x00000007fdd50000,0x00000007ff97dd20,0x0000000800000000)
  to   space 41536K, 0% used [0x00000007faee0000,0x00000007faee0000,0x00000007fd770000)
 ParOldGen       total 156992K, used 122355K [0x00000007e0000000, 0x00000007e9950000, 0x00000007f5560000)
  object space 156992K, 77% used [0x00000007e0000000,0x00000007e777cef8,0x00000007e9950000)
 PSPermGen       total 153472K, used 117430K [0x00000007a0000000, 0x00000007a95e0000, 0x00000007e0000000)
  object space 153472K, 76% used [0x00000007a0000000,0x00000007a72ada68,0x00000007a95e0000)
Event: 182.161 GC heap after
Heap after GC invocations=122 (full 3):
 PSYoungGen      total 114688K, used 23015K [0x00000007f5560000, 0x0000000800000000, 0x0000000800000000)
  eden space 91648K, 0% used [0x00000007f5560000,0x00000007f5560000,0x00000007faee0000)
  from space 23040K, 99% used [0x00000007faee0000,0x00000007fc559cc0,0x00000007fc560000)
  to   space 41600K, 0% used [0x00000007fd760000,0x00000007fd760000,0x0000000800000000)
 ParOldGen       total 156992K, used 127278K [0x00000007e0000000, 0x00000007e9950000, 0x00000007f5560000)
  object space 156992K, 81% used [0x00000007e0000000,0x00000007e7c4b868,0x00000007e9950000)
 PSPermGen       total 153472K, used 117430K [0x00000007a0000000, 0x00000007a95e0000, 0x00000007e0000000)
  object space 153472K, 76% used [0x00000007a0000000,0x00000007a72ada68,0x00000007a95e0000)
}
Event: 183.463 GC heap before
{Heap before GC invocations=123 (full 3):
 PSYoungGen      total 114688K, used 114663K [0x00000007f5560000, 0x0000000800000000, 0x0000000800000000)
  eden space 91648K, 100% used [0x00000007f5560000,0x00000007faee0000,0x00000007faee0000)
  from space 23040K, 99% used [0x00000007faee0000,0x00000007fc559cc0,0x00000007fc560000)
  to   space 41600K, 0% used [0x00000007fd760000,0x00000007fd760000,0x0000000800000000)
 ParOldGen       total 156992K, used 127278K [0x00000007e0000000, 0x00000007e9950000, 0x00000007f5560000)
  object space 156992K, 81% used [0x00000007e0000000,0x00000007e7c4b868,0x00000007e9950000)
 PSPermGen       total 153472K, used 119205K [0x00000007a0000000, 0x00000007a95e0000, 0x00000007e0000000)
  object space 153472K, 77% used [0x00000007a0000000,0x00000007a7469510,0x00000007a95e0000)
Event: 183.624 GC heap after
Heap after GC invocations=123 (full 3):
 PSYoungGen      total 134272K, used 8720K [0x00000007f5560000, 0x0000000800000000, 0x0000000800000000)
  eden space 92672K, 0% used [0x00000007f5560000,0x00000007f5560000,0x00000007fafe0000)
  from space 41600K, 20% used [0x00000007fd760000,0x00000007fdfe4030,0x0000000800000000)
  to   space 40448K, 0% used [0x00000007fafe0000,0x00000007fafe0000,0x00000007fd760000)
 ParOldGen       total 156992K, used 142049K [0x00000007e0000000, 0x00000007e9950000, 0x00000007f5560000)
  object space 156992K, 90% used [0x00000007e0000000,0x00000007e8ab8658,0x00000007e9950000)
 PSPermGen       total 153472K, used 119205K [0x00000007a0000000, 0x00000007a95e0000, 0x00000007e0000000)
  object space 153472K, 77% used [0x00000007a0000000,0x00000007a7469510,0x00000007a95e0000)
}
Event: 183.624 GC heap before
{Heap before GC invocations=124 (full 4):
 PSYoungGen      total 134272K, used 8720K [0x00000007f5560000, 0x0000000800000000, 0x0000000800000000)
  eden space 92672K, 0% used [0x00000007f5560000,0x00000007f5560000,0x00000007fafe0000)
  from space 41600K, 20% used [0x00000007fd760000,0x00000007fdfe4030,0x0000000800000000)
  to   space 40448K, 0% used [0x00000007fafe0000,0x00000007fafe0000,0x00000007fd760000)
 ParOldGen       total 156992K, used 142049K [0x00000007e0000000, 0x00000007e9950000, 0x00000007f5560000)
  object space 156992K, 90% used [0x00000007e0000000,0x00000007e8ab8658,0x00000007e9950000)
 PSPermGen       total 153472K, used 119205K [0x00000007a0000000, 0x00000007a95e0000, 0x00000007e0000000)
  object space 153472K, 77% used [0x00000007a0000000,0x00000007a7469510,0x00000007a95e0000)

Deoptimization events (10 events):
Event: 166.315 Thread 0x00007fb9c4553000 Uncommon trap -34 fr.pc 0x000000010990f5c8
Event: 166.315 Thread 0x00007fb9c4553000 Uncommon trap -34 fr.pc 0x00000001095abcc8
Event: 166.315 Thread 0x00007fb9c4553000 Uncommon trap -34 fr.pc 0x00000001095abcc8
Event: 166.318 Thread 0x00007fb9c4553000 Uncommon trap -34 fr.pc 0x00000001095abcc8
Event: 166.318 Thread 0x00007fb9c4553000 Uncommon trap -34 fr.pc 0x00000001095abcc8
Event: 166.557 Thread 0x00007fb9c4553000 Uncommon trap -58 fr.pc 0x0000000109797320
Event: 166.557 Thread 0x00007fb9c4553000 Uncommon trap -34 fr.pc 0x000000010978ea08
Event: 166.634 Thread 0x00007fb9c4553000 Uncommon trap -83 fr.pc 0x00000001099a205c
Event: 166.634 Thread 0x00007fb9c4553000 Uncommon trap -83 fr.pc 0x000000010986ce24
Event: 168.594 Thread 0x00007fb9c4553000 Uncommon trap -83 fr.pc 0x00000001097bbf74

Internal exceptions (10 events):
Event: 183.229 Thread 0x00007fb9c4553000 Threw 0x00000007f99434d8 at /HUDSON/workspace/jdk7u25-2-build-macosx-amd64-product/jdk7u25/hotspot/src/share/vm/prims/jvm.cpp:1235
Event: 183.230 Thread 0x00007fb9c4553000 Threw 0x00000007f994ed68 at /HUDSON/workspace/jdk7u25-2-build-macosx-amd64-product/jdk7u25/hotspot/src/share/vm/prims/jvm.cpp:1235
Event: 183.230 Thread 0x00007fb9c4553000 Threw 0x00000007f994f100 at /HUDSON/workspace/jdk7u25-2-build-macosx-amd64-product/jdk7u25/hotspot/src/share/vm/classfile/systemDic
Event: 183.230 Thread 0x00007fb9c4553000 Threw 0x00000007f9951160 at /HUDSON/workspace/jdk7u25-2-build-macosx-amd64-product/jdk7u25/hotspot/src/share/vm/prims/jvm.cpp:1235
Event: 183.230 Thread 0x00007fb9c4553000 Threw 0x00000007f995d4d8 at /HUDSON/workspace/jdk7u25-2-build-macosx-amd64-product/jdk7u25/hotspot/src/share/vm/prims/jvm.cpp:1235
Event: 183.230 Thread 0x00007fb9c4553000 Threw 0x00000007f995f278 at /HUDSON/workspace/jdk7u25-2-build-macosx-amd64-product/jdk7u25/hotspot/src/share/vm/prims/jvm.cpp:1235
Event: 183.230 Thread 0x00007fb9c4553000 Threw 0x00000007f996b5f0 at /HUDSON/workspace/jdk7u25-2-build-macosx-amd64-product/jdk7u25/hotspot/src/share/vm/prims/jvm.cpp:1235
Event: 183.230 Thread 0x00007fb9c4553000 Threw 0x00000007f996b988 at /HUDSON/workspace/jdk7u25-2-build-macosx-amd64-product/jdk7u25/hotspot/src/share/vm/classfile/systemDic
Event: 183.242 Thread 0x00007fb9c4553000 Threw 0x00000007f99b4ad8 at /HUDSON/workspace/jdk7u25-2-build-macosx-amd64-product/jdk7u25/hotspot/src/share/vm/prims/jvm.cpp:1235
Event: 183.427 Thread 0x00007fb9c4553000 Threw 0x00000007faa57038 at /HUDSON/workspace/jdk7u25-2-build-macosx-amd64-product/jdk7u25/hotspot/src/share/vm/runtime/reflection.

Events (10 events):
Event: 183.230 loading class 0x00007fb9cb506e00
Event: 183.230 loading class 0x00007fb9cb506e00 done
Event: 183.230 loading class 0x00007fb9cb506e00
Event: 183.230 loading class 0x00007fb9cb506e00 done
Event: 183.230 loading class 0x00007fb9cb506e00
Event: 183.230 loading class 0x00007fb9cb506e00 done
Event: 183.242 loading class 0x00007fb9cb507070
Event: 183.242 loading class 0x00007fb9cb507070 done
Event: 183.330 Thread 0x00007fb9c48f7000 flushing nmethod 0x000000010990fad0
Event: 183.463 Executing VM operation: ParallelGCFailedAllocation


Dynamic libraries:
0x0000000007ed8000 	/System/Library/Frameworks/Cocoa.framework/Versions/A/Cocoa
0x0000000007ed8000 	/System/Library/Frameworks/Security.framework/Versions/A/Security
0x0000000007ed8000 	/System/Library/Frameworks/ApplicationServices.framework/Versions/A/ApplicationServices
0x0000000007ed8000 	/usr/lib/libz.1.dylib
0x0000000007ed8000 	/usr/lib/libSystem.B.dylib
0x0000000007ed8000 	/usr/lib/libobjc.A.dylib
0x0000000007ed8000 	/System/Library/Frameworks/CoreFoundation.framework/Versions/A/CoreFoundation
0x0000000007ed8000 	/System/Library/Frameworks/AppKit.framework/Versions/C/AppKit
0x0000000007ed8000 	/System/Library/Frameworks/CoreData.framework/Versions/A/CoreData
0x0000000007ed8000 	/System/Library/Frameworks/Foundation.framework/Versions/C/Foundation
0x0000000007ed8000 	/System/Library/PrivateFrameworks/RemoteViewServices.framework/Versions/A/RemoteViewServices
0x0000000007ed8000 	/System/Library/Frameworks/AudioToolbox.framework/Versions/A/AudioToolbox
0x0000000007ed8000 	/System/Library/Frameworks/AudioUnit.framework/Versions/A/AudioUnit
0x0000000007ed8000 	/System/Library/PrivateFrameworks/DataDetectorsCore.framework/Versions/A/DataDetectorsCore
0x0000000007ed8000 	/System/Library/PrivateFrameworks/DesktopServicesPriv.framework/Versions/A/DesktopServicesPriv
0x0000000007ed8000 	/System/Library/Frameworks/Carbon.framework/Versions/A/Frameworks/HIToolbox.framework/Versions/A/HIToolbox
0x0000000007ed8000 	/System/Library/Frameworks/QuartzCore.framework/Versions/A/QuartzCore
0x0000000007ed8000 	/System/Library/Frameworks/Carbon.framework/Versions/A/Frameworks/SpeechRecognition.framework/Versions/A/SpeechRecognition
0x0000000007ed8000 	/usr/lib/libauto.dylib
0x0000000007ed8000 	/usr/lib/libicucore.A.dylib
0x0000000007ed8000 	/usr/lib/libxml2.2.dylib
0x0000000007ed8000 	/System/Library/PrivateFrameworks/CoreUI.framework/Versions/A/CoreUI
0x0000000007ed8000 	/System/Library/Frameworks/CoreAudio.framework/Versions/A/CoreAudio
0x0000000007ed8000 	/System/Library/Frameworks/DiskArbitration.framework/Versions/A/DiskArbitration
0x0000000007ed8000 	/usr/lib/liblangid.dylib
0x0000000007ed8000 	/System/Library/PrivateFrameworks/MultitouchSupport.framework/Versions/A/MultitouchSupport
0x0000000007ed8000 	/System/Library/Frameworks/IOKit.framework/Versions/A/IOKit
0x0000000007ed8000 	/usr/lib/libDiagnosticMessagesClient.dylib
0x0000000007ed8000 	/System/Library/Frameworks/CoreServices.framework/Versions/A/CoreServices
0x0000000007ed8000 	/System/Library/PrivateFrameworks/PerformanceAnalysis.framework/Versions/A/PerformanceAnalysis
0x0000000007ed8000 	/System/Library/PrivateFrameworks/GenerationalStorage.framework/Versions/A/GenerationalStorage
0x0000000007ed8000 	/System/Library/Frameworks/OpenGL.framework/Versions/A/OpenGL
0x0000000007ed8000 	/System/Library/Frameworks/CoreServices.framework/Versions/A/Frameworks/CFNetwork.framework/Versions/A/CFNetwork
0x0000000007ed8000 	/System/Library/Frameworks/SystemConfiguration.framework/Versions/A/SystemConfiguration
0x0000000007ed8000 	/usr/lib/libCRFSuite.dylib
0x0000000007ed8000 	/usr/lib/libc++.1.dylib
0x0000000007ed8000 	/usr/lib/libstdc++.6.dylib
0x0000000007ed8000 	/usr/lib/libc++abi.dylib
0x0000000007ed8000 	/usr/lib/system/libcache.dylib
0x0000000007ed8000 	/usr/lib/system/libcommonCrypto.dylib
0x0000000007ed8000 	/usr/lib/system/libcompiler_rt.dylib
0x0000000007ed8000 	/usr/lib/system/libcopyfile.dylib
0x0000000007ed8000 	/usr/lib/system/libdispatch.dylib
0x0000000007ed8000 	/usr/lib/system/libdnsinfo.dylib
0x0000000007ed8000 	/usr/lib/system/libdyld.dylib
0x0000000007ed8000 	/usr/lib/system/libkeymgr.dylib
0x0000000007ed8000 	/usr/lib/system/liblaunch.dylib
0x0000000007ed8000 	/usr/lib/system/libmacho.dylib
0x0000000007ed8000 	/usr/lib/system/libmathCommon.A.dylib
0x0000000007ed8000 	/usr/lib/system/libquarantine.dylib
0x0000000007ed8000 	/usr/lib/system/libremovefile.dylib
0x0000000007ed8000 	/usr/lib/system/libsystem_blocks.dylib
0x0000000007ed8000 	/usr/lib/system/libsystem_c.dylib
0x0000000007ed8000 	/usr/lib/system/libsystem_dnssd.dylib
0x0000000007ed8000 	/usr/lib/system/libsystem_info.dylib
0x0000000007ed8000 	/usr/lib/system/libsystem_kernel.dylib
0x0000000007ed8000 	/usr/lib/system/libsystem_network.dylib
0x0000000007ed8000 	/usr/lib/system/libsystem_notify.dylib
0x0000000007ed8000 	/usr/lib/system/libsystem_sandbox.dylib
0x0000000007ed8000 	/usr/lib/system/libunc.dylib
0x0000000007ed8000 	/usr/lib/system/libunwind.dylib
0x0000000007ed8000 	/usr/lib/system/libxpc.dylib
0x0000000007ed8000 	/usr/lib/libbsm.0.dylib
0x0000000007ed8000 	/usr/lib/libsqlite3.dylib
0x0000000007ed8000 	/usr/lib/libOpenScriptingUtil.dylib
0x0000000007ed8000 	/usr/lib/libpam.2.dylib
0x0000000007ed8000 	/usr/lib/libxar-nossl.dylib
0x0000000007ed8000 	/usr/lib/libbz2.1.0.dylib
0x0000000007ed8000 	/System/Library/Frameworks/CoreServices.framework/Versions/A/Frameworks/CarbonCore.framework/Versions/A/CarbonCore
0x0000000007ed8000 	/System/Library/Frameworks/CoreServices.framework/Versions/A/Frameworks/Metadata.framework/Versions/A/Metadata
0x0000000007ed8000 	/System/Library/Frameworks/CoreServices.framework/Versions/A/Frameworks/OSServices.framework/Versions/A/OSServices
0x0000000007ed8000 	/System/Library/Frameworks/CoreServices.framework/Versions/A/Frameworks/SearchKit.framework/Versions/A/SearchKit
0x0000000007ed8000 	/System/Library/Frameworks/CoreServices.framework/Versions/A/Frameworks/AE.framework/Versions/A/AE
0x0000000007ed8000 	/System/Library/Frameworks/CoreServices.framework/Versions/A/Frameworks/LaunchServices.framework/Versions/A/LaunchServices
0x0000000007ed8000 	/System/Library/Frameworks/CoreServices.framework/Versions/A/Frameworks/DictionaryServices.framework/Versions/A/DictionaryServices
0x0000000007ed8000 	/System/Library/Frameworks/NetFS.framework/Versions/A/NetFS
0x0000000007ed8000 	/usr/lib/system/libkxld.dylib
0x0000000007ed8000 	/System/Library/PrivateFrameworks/NetAuth.framework/Versions/A/NetAuth
0x0000000007ed8000 	/usr/lib/libcrypto.0.9.8.dylib
0x0000000007ed8000 	/System/Library/PrivateFrameworks/TrustEvaluationAgent.framework/Versions/A/TrustEvaluationAgent
0x0000000007ed8000 	/System/Library/Frameworks/OpenDirectory.framework/Versions/A/Frameworks/CFOpenDirectory.framework/Versions/A/CFOpenDirectory
0x0000000007ed8000 	/usr/lib/libxslt.1.dylib
0x0000000007ed8000 	/System/Library/PrivateFrameworks/FamilyControls.framework/Versions/A/FamilyControls
0x0000000007ed8000 	/System/Library/Frameworks/Carbon.framework/Versions/A/Frameworks/Ink.framework/Versions/A/Ink
0x0000000007ed8000 	/System/Library/Frameworks/ApplicationServices.framework/Versions/A/Frameworks/CoreGraphics.framework/Versions/A/CoreGraphics
0x0000000007ed8000 	/System/Library/Frameworks/ApplicationServices.framework/Versions/A/Frameworks/ImageIO.framework/Versions/A/ImageIO
0x0000000007ed8000 	/System/Library/Frameworks/ApplicationServices.framework/Versions/A/Frameworks/CoreText.framework/Versions/A/CoreText
0x0000000007ed8000 	/System/Library/Frameworks/ApplicationServices.framework/Versions/A/Frameworks/ATS.framework/Versions/A/ATS
0x0000000007ed8000 	/System/Library/Frameworks/ApplicationServices.framework/Versions/A/Frameworks/ColorSync.framework/Versions/A/ColorSync
0x0000000007ed8000 	/System/Library/Frameworks/ApplicationServices.framework/Versions/A/Frameworks/HIServices.framework/Versions/A/HIServices
0x0000000007ed8000 	/System/Library/Frameworks/ApplicationServices.framework/Versions/A/Frameworks/LangAnalysis.framework/Versions/A/LangAnalysis
0x0000000007ed8000 	/System/Library/Frameworks/ApplicationServices.framework/Versions/A/Frameworks/PrintCore.framework/Versions/A/PrintCore
0x0000000007ed8000 	/System/Library/Frameworks/ApplicationServices.framework/Versions/A/Frameworks/QD.framework/Versions/A/QD
0x0000000007ed8000 	/System/Library/Frameworks/ApplicationServices.framework/Versions/A/Frameworks/SpeechSynthesis.framework/Versions/A/SpeechSynthesis
0x0000000007ed8000 	/System/Library/Frameworks/IOSurface.framework/Versions/A/IOSurface
0x0000000007ed8000 	/System/Library/Frameworks/Accelerate.framework/Versions/A/Accelerate
0x0000000007ed8000 	/System/Library/Frameworks/ApplicationServices.framework/Versions/A/Frameworks/ImageIO.framework/Versions/A/Resources/libJPEG.dylib
0x0000000007ed8000 	/System/Library/Frameworks/ApplicationServices.framework/Versions/A/Frameworks/ImageIO.framework/Versions/A/Resources/libTIFF.dylib
0x0000000007ed8000 	/System/Library/Frameworks/ApplicationServices.framework/Versions/A/Frameworks/ImageIO.framework/Versions/A/Resources/libPng.dylib
0x0000000007ed8000 	/System/Library/Frameworks/ApplicationServices.framework/Versions/A/Frameworks/ImageIO.framework/Versions/A/Resources/libGIF.dylib
0x0000000007ed8000 	/System/Library/Frameworks/ApplicationServices.framework/Versions/A/Frameworks/ImageIO.framework/Versions/A/Resources/libJP2.dylib
0x0000000007ed8000 	/System/Library/Frameworks/ApplicationServices.framework/Versions/A/Frameworks/ImageIO.framework/Versions/A/Resources/libRadiance.dylib
0x0000000007ed8000 	/System/Library/Frameworks/Accelerate.framework/Versions/A/Frameworks/vImage.framework/Versions/A/vImage
0x0000000007ed8000 	/System/Library/Frameworks/Accelerate.framework/Versions/A/Frameworks/vecLib.framework/Versions/A/vecLib
0x0000000007ed8000 	/System/Library/Frameworks/Accelerate.framework/Versions/A/Frameworks/vecLib.framework/Versions/A/libvDSP.dylib
0x0000000007ed8000 	/System/Library/Frameworks/Accelerate.framework/Versions/A/Frameworks/vecLib.framework/Versions/A/libvMisc.dylib
0x0000000007ed8000 	/System/Library/Frameworks/Accelerate.framework/Versions/A/Frameworks/vecLib.framework/Versions/A/libLAPACK.dylib
0x0000000007ed8000 	/System/Library/Frameworks/Accelerate.framework/Versions/A/Frameworks/vecLib.framework/Versions/A/libBLAS.dylib
0x0000000007ed8000 	/System/Library/Frameworks/ApplicationServices.framework/Versions/A/Frameworks/ATS.framework/Versions/A/Resources/libFontParser.dylib
0x0000000007ed8000 	/System/Library/Frameworks/ApplicationServices.framework/Versions/A/Frameworks/ATS.framework/Versions/A/Resources/libFontRegistry.dylib
0x0000000007ed8000 	/usr/lib/libcups.2.dylib
0x0000000007ed8000 	/System/Library/Frameworks/Kerberos.framework/Versions/A/Kerberos
0x0000000007ed8000 	/System/Library/Frameworks/GSS.framework/Versions/A/GSS
0x0000000007ed8000 	/usr/lib/libresolv.9.dylib
0x0000000007ed8000 	/usr/lib/libiconv.2.dylib
0x0000000007ed8000 	/System/Library/PrivateFrameworks/Heimdal.framework/Versions/A/Heimdal
0x0000000007ed8000 	/System/Library/Frameworks/OpenDirectory.framework/Versions/A/OpenDirectory
0x0000000007ed8000 	/System/Library/PrivateFrameworks/CommonAuth.framework/Versions/A/CommonAuth
0x0000000007ed8000 	/System/Library/Frameworks/CoreVideo.framework/Versions/A/CoreVideo
0x0000000007ed8000 	/System/Library/Frameworks/QuartzCore.framework/Versions/A/Frameworks/CoreImage.framework/Versions/A/CoreImage
0x0000000007ed8000 	/System/Library/Frameworks/QuartzCore.framework/Versions/A/Frameworks/ScalableUserInterface.framework/Versions/A/ScalableUserInterface
0x0000000007ed8000 	/System/Library/Frameworks/OpenGL.framework/Versions/A/Libraries/libGLU.dylib
0x0000000007ed8000 	/System/Library/Frameworks/OpenGL.framework/Versions/A/Libraries/libGFXShared.dylib
0x0000000007ed8000 	/System/Library/Frameworks/OpenGL.framework/Versions/A/Libraries/libGL.dylib
0x0000000007ed8000 	/System/Library/Frameworks/OpenGL.framework/Versions/A/Libraries/libGLImage.dylib
0x0000000007ed8000 	/System/Library/Frameworks/OpenGL.framework/Versions/A/Libraries/libCVMSPluginSupport.dylib
0x0000000007ed8000 	/System/Library/Frameworks/OpenGL.framework/Versions/A/Libraries/libCoreVMClient.dylib
0x0000000007ed8000 	/System/Library/Frameworks/OpenCL.framework/Versions/A/OpenCL
0x0000000007ed8000 	/System/Library/PrivateFrameworks/FaceCoreLight.framework/Versions/A/FaceCoreLight
0x0000000007ed8000 	/System/Library/Frameworks/vecLib.framework/Versions/A/vecLib
0x0000000007ed8000 	/System/Library/Frameworks/SecurityFoundation.framework/Versions/A/SecurityFoundation
0x0000000007ed8000 	/System/Library/PrivateFrameworks/CommerceKit.framework/Versions/A/Frameworks/CommerceCore.framework/Versions/A/CommerceCore
0x0000000007ed8000 	/System/Library/PrivateFrameworks/CoreSymbolication.framework/Versions/A/CoreSymbolication
0x0000000007ed8000 	/System/Library/PrivateFrameworks/Symbolication.framework/Versions/A/Symbolication
0x0000000007ed8000 	/System/Library/PrivateFrameworks/DebugSymbols.framework/Versions/A/DebugSymbols
0x0000000108383000 	/Library/Java/JavaVirtualMachines/jdk1.7.0_25.jdk/Contents/Home/jre/lib/server/libjvm.dylib
0x000000010819c000 	/Library/Java/JavaVirtualMachines/jdk1.7.0_25.jdk/Contents/Home/jre/lib/libverify.dylib
0x00000001081a9000 	/Library/Java/JavaVirtualMachines/jdk1.7.0_25.jdk/Contents/Home/jre/lib/libjava.dylib
0x00000001081da000 	/Library/Java/JavaVirtualMachines/jdk1.7.0_25.jdk/Contents/Home/jre/lib/libinstrument.dylib
0x0000000108f68000 	/Library/Java/JavaVirtualMachines/jdk1.7.0_25.jdk/Contents/Home/jre/lib/libzip.dylib
0x00000001112a7000 	/System/Library/Frameworks/JavaVM.framework/Frameworks/JavaRuntimeSupport.framework/JavaRuntimeSupport
0x00000001112bf000 	/System/Library/Frameworks/JavaVM.framework/Versions/A/Frameworks/JavaNativeFoundation.framework/Versions/A/JavaNativeFoundation
0x00000001112d4000 	/System/Library/Frameworks/JavaVM.framework/Versions/A/JavaVM
0x0000000007ed8000 	/System/Library/Frameworks/Carbon.framework/Versions/A/Carbon
0x00000001112e1000 	/System/Library/PrivateFrameworks/JavaLaunching.framework/Versions/A/JavaLaunching
0x0000000007ed8000 	/System/Library/Frameworks/Carbon.framework/Versions/A/Frameworks/CommonPanels.framework/Versions/A/CommonPanels
0x0000000007ed8000 	/System/Library/Frameworks/Carbon.framework/Versions/A/Frameworks/Help.framework/Versions/A/Help
0x0000000007ed8000 	/System/Library/Frameworks/Carbon.framework/Versions/A/Frameworks/ImageCapture.framework/Versions/A/ImageCapture
0x0000000007ed8000 	/System/Library/Frameworks/Carbon.framework/Versions/A/Frameworks/OpenScripting.framework/Versions/A/OpenScripting
0x0000000007ed8000 	/System/Library/Frameworks/Carbon.framework/Versions/A/Frameworks/Print.framework/Versions/A/Print
0x0000000007ed8000 	/System/Library/Frameworks/Carbon.framework/Versions/A/Frameworks/SecurityHI.framework/Versions/A/SecurityHI
0x0000000111635000 	/Library/Java/JavaVirtualMachines/jdk1.7.0_25.jdk/Contents/Home/jre/lib/libnet.dylib
0x00000001115fd000 	/Library/Java/JavaVirtualMachines/jdk1.7.0_25.jdk/Contents/Home/jre/lib/libnio.dylib
0x0000000111412000 	/Library/Java/JavaVirtualMachines/jdk1.7.0_25.jdk/Contents/Home/jre/lib/libmanagement.dylib
0x000000011146e000 	/Library/Java/JavaVirtualMachines/jdk1.7.0_25.jdk/Contents/Home/jre/lib/libsunec.dylib
0x0000000112440000 	/Library/Java/JavaVirtualMachines/jdk1.7.0_25.jdk/Contents/Home/jre/lib/libawt.dylib
0x00000001126ec000 	/Library/Java/JavaVirtualMachines/jdk1.7.0_25.jdk/Contents/Home/jre/lib/./libmlib_image.dylib
0x00000001127b8000 	/Library/Java/JavaVirtualMachines/jdk1.7.0_25.jdk/Contents/Home/jre/lib/lwawt/liblwawt.dylib
0x00000001113ea000 	/Library/Java/JavaVirtualMachines/jdk1.7.0_25.jdk/Contents/Home/jre/lib/server/../libosxapp.dylib
0x0000000111406000 	/System/Library/Frameworks/ExceptionHandling.framework/Versions/A/ExceptionHandling
0x0000000007ed8000 	/System/Library/PrivateFrameworks/CoreServicesInternal.framework/Versions/A/CoreServicesInternal
0x0000000007ed8000 	/System/Library/Frameworks/ApplicationServices.framework/Versions/A/Frameworks/CoreGraphics.framework/Versions/A/Resources/libCSync.A.dylib
0x0000000007ed8000 	/System/Library/Frameworks/ApplicationServices.framework/Versions/A/Frameworks/CoreGraphics.framework/Versions/A/Resources/libRIP.A.dylib
0x0000000007ed8000 	/System/Library/Frameworks/ApplicationServices.framework/Versions/A/Frameworks/CoreGraphics.framework/Versions/A/Resources/libCGXType.A.dylib

VM Arguments:
jvm_args: -Didm.properties.location=build/config/OPENLDAP -Djava.security.manager=jarjar.org.gradle.process.internal.child.BootstrapSecurityManager -XX:MaxPermSize=1024m -javaagent:/var/folders/r5/t8bhrt3n7g56vf5182r2z4210q91f3/T/jacocoagent242511096547743075.jar=destfile=/Users/matt.kovacs/git-forks/cloud-identity/build/tmp/jacoco/jacoco.exec,append=false,dumponexit=true,output=file -Xms128m -Xmx512m -Dfile.encoding=UTF-8 -ea 
java_command: jarjar.org.gradle.process.internal.launcher.GradleWorkerMain
Launcher Type: SUN_STANDARD

Environment Variables:
CLASSPATH=/Users/matt.kovacs/Stuff/gradle-1.6/lib/gradle-launcher-1.6.jar
PATH=/Users/matt.kovacs/Stuff/gradle-1.6/bin:/Users/matt.kovacs/Applications/sbt/bin:/usr/bin:/bin:/usr/sbin:/sbin:/usr/local/bin:/usr/X11/bin:/usr/local/git/bin:/opt/local/bin:/Users/matt.kovacs/Stuff/scala-2.9.2/bin:/Users/matt.kovacs/Stuff/xmlcalabash-1.0.3-94:/Users/matt.kovacs/Stuff/xmlcalabash-1.0.3-94/lib/saxon9ee.jar
SHELL=/bin/bash
DISPLAY=/tmp/launch-wazt7H/org.x:0

Signal Handlers:
SIGSEGV: [libjvm.dylib+0x4a820f], sa_mask[0]=0xfffefeff, sa_flags=0x00000042
SIGBUS: [libjvm.dylib+0x4a820f], sa_mask[0]=0xfffefeff, sa_flags=0x00000042
SIGFPE: [libjvm.dylib+0x3b7495], sa_mask[0]=0xfffefeff, sa_flags=0x00000042
SIGPIPE: [libjvm.dylib+0x3b7495], sa_mask[0]=0xfffefeff, sa_flags=0x00000042
SIGXFSZ: [libjvm.dylib+0x3b7495], sa_mask[0]=0xfffefeff, sa_flags=0x00000042
SIGILL: [libjvm.dylib+0x3b7495], sa_mask[0]=0xfffefeff, sa_flags=0x00000042
SIGUSR1: SIG_DFL, sa_mask[0]=0x63807efb, sa_flags=0x00000000
SIGUSR2: [libjvm.dylib+0x3b702e], sa_mask[0]=0x00000004, sa_flags=0x00000042
SIGHUP: [libjvm.dylib+0x3b528f], sa_mask[0]=0xfffefeff, sa_flags=0x00000042
SIGINT: [libjvm.dylib+0x3b528f], sa_mask[0]=0xfffefeff, sa_flags=0x00000042
SIGTERM: [libjvm.dylib+0x3b528f], sa_mask[0]=0xfffefeff, sa_flags=0x00000042
SIGQUIT: [libjvm.dylib+0x3b528f], sa_mask[0]=0xfffefeff, sa_flags=0x00000042


---------------  S Y S T E M  ---------------

OS:Bsduname:Darwin 11.4.2 Darwin Kernel Version 11.4.2: Thu Aug 23 16:25:48 PDT 2012; root:xnu-1699.32.7~1/RELEASE_X86_64 x86_64
rlimit: STACK 8192k, CORE 0k, NPROC 709, NOFILE 10240, AS infinity
load average:7.05 3.92 2.70

CPU:total 2 (2 cores per cpu, 1 threads per core) family 6 model 23 stepping 10, cmov, cx8, fxsr, mmx, sse, sse2, sse3, ssse3, sse4.1, tsc

Memory: 4k page, physical 5680820k(1420205k free)

/proc/meminfo:


vm_info: Java HotSpot(TM) 64-Bit Server VM (23.25-b01) for bsd-amd64 JRE (1.7.0_25-b15), built on Jun  5 2013 22:26:36 by "java_re" with gcc 4.2.1 (Based on Apple Inc. build 5658) (LLVM build 2336.11.00)

time: Fri Aug  2 11:12:37 2013
elapsed time: 184 seconds

